<?xml version="1.0" encoding="UTF-8"?>
<!-- Generated by org.testng.reporters.JUnitReportReporter -->
<testsuite hostname="Kirtan-1910" failures="0" tests="4" name="usedCars.UsedCarsTest" time="10.688" errors="0" timestamp="2023-01-21T20:51:09 IST" skipped="0">
  <testcase classname="usedCars.UsedCarsTest" name="usedCarsChennaiClick" time="2.069"/>
  <system-out/>
  <testcase classname="usedCars.UsedCarsTest" name="hoverTest" time="1.747"/>
  <system-out/>
  <testcase classname="usedCars.UsedCarsTest" name="popularCarsDisplayed" time="0.908"/>
  <system-out/>
  <testcase classname="usedCars.UsedCarsTest" name="usedCarsToHomepage" time="5.964"/>
  <system-out/>
</testsuite> <!-- usedCars.UsedCarsTest -->
