<?xml version="1.0" encoding="UTF-8"?>
<!-- Generated by org.testng.reporters.JUnitReportReporter -->
<testsuite hostname="Kirtan-1910" failures="0" tests="11" name="invalidLoginTest.InvalidLoginTest" time="13.863" errors="0" timestamp="2022-12-21T15:03:49 IST" skipped="0">
  <testcase classname="invalidLoginTest.InvalidLoginTest" name="invalidEmailOrPhone" time="1.035"/>
  <system-out/>
  <testcase classname="invalidLoginTest.InvalidLoginTest" name="continueWithGoogle" time="4.721"/>
  <system-out/>
  <testcase classname="invalidLoginTest.InvalidLoginTest" name="invalidEmailOrPhone" time="0.749"/>
  <system-out/>
  <testcase classname="invalidLoginTest.InvalidLoginTest" name="invalidPassword" time="1.067"/>
  <system-out/>
  <testcase classname="invalidLoginTest.InvalidLoginTest" name="invalidEmailOrPhone" time="0.810"/>
  <system-out/>
  <testcase classname="invalidLoginTest.InvalidLoginTest" name="emailTextBox" time="0.389"/>
  <system-out/>
  <testcase classname="invalidLoginTest.InvalidLoginTest" name="passwordTextBox" time="1.598"/>
  <system-out/>
  <testcase classname="invalidLoginTest.InvalidLoginTest" name="invalidEmailOrPhone" time="0.753"/>
  <system-out/>
  <testcase classname="invalidLoginTest.InvalidLoginTest" name="validEmail" time="0.527"/>
  <system-out/>
  <testcase classname="invalidLoginTest.InvalidLoginTest" name="loginButton" time="1.201"/>
  <system-out/>
  <testcase classname="invalidLoginTest.InvalidLoginTest" name="invalidEmailOrPhone" time="1.013"/>
  <system-out/>
</testsuite> <!-- invalidLoginTest.InvalidLoginTest -->
