<?xml version="1.0" encoding="UTF-8"?>
<!-- Generated by org.testng.reporters.JUnitReportReporter -->
<testsuite hostname="Kirtan-1910" failures="0" tests="7" name="upcomingBikes.UpcomingBikesTest" time="13.372" errors="0" timestamp="2023-01-21T20:51:09 IST" skipped="0">
  <testcase classname="upcomingBikes.UpcomingBikesTest" name="hoverBoxMenu" time="1.689"/>
  <system-out/>
  <testcase classname="upcomingBikes.UpcomingBikesTest" name="manufacturerDropdown" time="0.549"/>
  <system-out/>
  <testcase classname="upcomingBikes.UpcomingBikesTest" name="selectBrand" time="3.244"/>
  <system-out/>
  <testcase classname="upcomingBikes.UpcomingBikesTest" name="viewMoreButton" time="1.482"/>
  <system-out/>
  <testcase classname="upcomingBikes.UpcomingBikesTest" name="displayUpcomingBikes" time="0.993"/>
  <system-out/>
  <testcase classname="upcomingBikes.UpcomingBikesTest" name="upcomingBikesButton" time="1.653"/>
  <system-out/>
  <testcase classname="upcomingBikes.UpcomingBikesTest" name="upcomingBikesToHomepage" time="3.762"/>
  <system-out/>
</testsuite> <!-- upcomingBikes.UpcomingBikesTest -->
