<?xml version="1.0" encoding="UTF-8"?>
<!-- Generated by org.testng.reporters.JUnitReportReporter -->
<testsuite hostname="Kirtan-1910" failures="0" tests="4" name="usedCarsTest.UsedCarsTest" time="7.743" errors="0" timestamp="2022-12-21T15:03:49 IST" skipped="0">
  <testcase classname="usedCarsTest.UsedCarsTest" name="usedCarsChennaiClick" time="3.233"/>
  <system-out/>
  <testcase classname="usedCarsTest.UsedCarsTest" name="popularCarsDisplayed" time="0.560"/>
  <system-out/>
  <testcase classname="usedCarsTest.UsedCarsTest" name="hoverTest" time="0.637"/>
  <system-out/>
  <testcase classname="usedCarsTest.UsedCarsTest" name="usedCarsToHomepage" time="3.313"/>
  <system-out/>
</testsuite> <!-- usedCarsTest.UsedCarsTest -->
