<?xml version="1.0" encoding="UTF-8"?>
<!-- Generated by org.testng.reporters.JUnitReportReporter -->
<testsuite hostname="Kirtan-1910" failures="0" tests="11" name="invalidLogin.InvalidLoginTest" time="12.573" errors="0" timestamp="2023-01-21T20:51:09 IST" skipped="0">
  <testcase classname="invalidLogin.InvalidLoginTest" name="continueWithGoogle" time="4.441"/>
  <system-out/>
  <testcase classname="invalidLogin.InvalidLoginTest" name="emailTextBox" time="0.252"/>
  <system-out/>
  <testcase classname="invalidLogin.InvalidLoginTest" name="loginButton" time="1.379"/>
  <system-out/>
  <testcase classname="invalidLogin.InvalidLoginTest" name="invalidEmailOrPhone" time="1.098"/>
  <system-out/>
  <testcase classname="invalidLogin.InvalidLoginTest" name="invalidEmailOrPhone" time="0.497"/>
  <system-out/>
  <testcase classname="invalidLogin.InvalidLoginTest" name="validEmail" time="0.344"/>
  <system-out/>
  <testcase classname="invalidLogin.InvalidLoginTest" name="invalidEmailOrPhone" time="0.920"/>
  <system-out/>
  <testcase classname="invalidLogin.InvalidLoginTest" name="invalidPassword" time="0.776"/>
  <system-out/>
  <testcase classname="invalidLogin.InvalidLoginTest" name="invalidEmailOrPhone" time="0.501"/>
  <system-out/>
  <testcase classname="invalidLogin.InvalidLoginTest" name="invalidEmailOrPhone" time="0.564"/>
  <system-out/>
  <testcase classname="invalidLogin.InvalidLoginTest" name="passwordTextBox" time="1.801"/>
  <system-out/>
</testsuite> <!-- invalidLogin.InvalidLoginTest -->
