<?xml version="1.0" encoding="UTF-8"?>
<!-- Generated by org.testng.reporters.JUnitReportReporter -->
<testsuite hostname="Kirtan-1910" failures="0" tests="7" name="upcomingBikesTest.UpcomingBikesTest" time="11.849" errors="0" timestamp="2022-12-21T15:03:49 IST" skipped="0">
  <testcase classname="upcomingBikesTest.UpcomingBikesTest" name="upcomingBikesButton" time="1.219"/>
  <system-out/>
  <testcase classname="upcomingBikesTest.UpcomingBikesTest" name="displayUpcomingBikes" time="2.356"/>
  <system-out/>
  <testcase classname="upcomingBikesTest.UpcomingBikesTest" name="selectBrand" time="1.535"/>
  <system-out/>
  <testcase classname="upcomingBikesTest.UpcomingBikesTest" name="viewMoreButton" time="0.406"/>
  <system-out/>
  <testcase classname="upcomingBikesTest.UpcomingBikesTest" name="manufacturerDropdown" time="0.451"/>
  <system-out/>
  <testcase classname="upcomingBikesTest.UpcomingBikesTest" name="hoverBoxMenu" time="0.478"/>
  <system-out/>
  <testcase classname="upcomingBikesTest.UpcomingBikesTest" name="upcomingBikesToHomepage" time="5.404"/>
  <system-out/>
</testsuite> <!-- upcomingBikesTest.UpcomingBikesTest -->
